2021-08-08 18:07:49 -  - exec CUpdateClientPartner::SearchModulesEx
2021-08-08 18:07:49 -  - exec CUpdateClientPartner::__CollectRequestData
2021-08-08 18:07:50 -  - utf=Y&lang=ru&stable=Y&CANGZIP=Y&SUPD_DBS=MYSQL&XE=N&CLIENT_SITE=192.168.1.58&LICENSE_KEY=X&SUPD_STS=1&SUPD_URS=0&SUPD_URSA=1&TYPENC=D&CLIENT_PHPVER=7.3.27&NGINX=Y&dbv=5.7.33&instm=main%2C21.400.100%2CY%3Bphotogallery%2C21.0.0%2CN%3Bvote%2C21.0.0%2CN%3Bbizprocdesigner%2C21.100.0%2CN%3Bconversion%2C21.0.0%2CN%3Bcurrency%2C21.100.0%2CN%3Blearning%2C21.0.0%2CN%3Bsocialservices%2C21.100.0%2CN%3Bperfmon%2C21.0.0%2CN%3Bscale%2C21.0.0%2CN%3Bsecurity%2C21.0.0%2CN%3Bbizproc%2C21.200.200%2CN%3Bsupport%2C21.0.0%2CN%3Bpull%2C21.200.0%2CN%3Badvertising%2C21.100.0%2CN%3Bsubscribe%2C21.0.0%2CN%3Bmail%2C21.100.100%2CN%3Bcatalog%2C21.200.0%2CN%3Bbitrix.siteinfoportal%2C15.5.0%2CN%3Bsender%2C21.100.100%2CN%3Blanding%2C21.300.300%2CN%3Bforum%2C21.100.0%2CN%3Bsocialnetwork%2C21.350.0%2CN%3Bbitrix.eshop%2C21.0.100%2CN%3Bui%2C21.300.0%2CN%3Bwiki%2C21.100.0%2CN%3Bseo%2C21.300.0%2CN%3Bim%2C21.300.100%2CN%3Bbitrix.sitecommunity%2C15.5.0%2CN%3Bstatistic%2C21.0.0%2CN%3Bsale%2C21.400.0%2CN%3Bmessageservice%2C21.100.0%2CN%3Bwebservice%2C21.0.0%2CN%3Bform%2C21.0.0%2CN%3Biblock%2C21.400.100%2CN%3Brest%2C21.200.0%2CN%3Babtest%2C21.0.0%2CN%3Bworkflow%2C21.0.0%2CN%3Bbitrix.sitecorporate%2C15.5.0%2CN%3Btranslate%2C21.100.0%2CN%3Bhighloadblock%2C21.100.0%2CN%3Bbitrixcloud%2C21.0.0%2CN%3Bsearch%2C21.0.100%2CN%3Bb24connector%2C21.0.0%2CN%3Breport%2C21.100.0%2CN%3Blists%2C21.100.0%2CN%3Bblog%2C21.200.0%2CN%3Bbitrix.sitepersonal%2C15.5.0%2CN%3Bidea%2C21.0.0%2CN%3Bfileman%2C21.200.0%2CN%3Bclouds%2C21.100.0%2CN%3Bcalendar%2C21.200.0%2CN%3Bstoreassist%2C21.0.0%2CN%3Bmobileapp%2C21.0.50%2CN&search_module_id=&search_module=&search_category=7%2C14&search_type=&search_order=DESC&search_order_by=SORT&search_page=1&SUPD_SRS=RU&SUPD_CMP=N
2021-08-08 18:07:50 -  - exec CUpdateClientPartner::GetHTTPPage
2021-08-08 18:07:56 -  - TIME SearchModulesEx(request) 6.576 sec
2021-08-08 18:07:56 -  - exec CUpdateClientPartner::ParseServerData
2021-08-08 18:08:25 -  - exec CUpdateClientPartner::LoadModulesUpdates
2021-08-08 18:08:25 -  - exec CUpdateClientPartner::__CollectRequestData
2021-08-08 18:08:25 -  - utf=Y&lang=ru&stable=Y&CANGZIP=Y&SUPD_DBS=MYSQL&XE=N&CLIENT_SITE=192.168.1.58&LICENSE_KEY=X&SUPD_STS=1&SUPD_URS=0&SUPD_URSA=1&TYPENC=D&CLIENT_PHPVER=7.3.27&NGINX=Y&dbv=5.7.33&instm=main%2C21.400.100%2CY%3Bphotogallery%2C21.0.0%2CN%3Bvote%2C21.0.0%2CN%3Bbizprocdesigner%2C21.100.0%2CN%3Bconversion%2C21.0.0%2CN%3Bcurrency%2C21.100.0%2CN%3Blearning%2C21.0.0%2CN%3Bsocialservices%2C21.100.0%2CN%3Bperfmon%2C21.0.0%2CN%3Bscale%2C21.0.0%2CN%3Bsecurity%2C21.0.0%2CN%3Bbizproc%2C21.200.200%2CN%3Bsupport%2C21.0.0%2CN%3Bpull%2C21.200.0%2CN%3Badvertising%2C21.100.0%2CN%3Bsubscribe%2C21.0.0%2CN%3Bmail%2C21.100.100%2CN%3Bcatalog%2C21.200.0%2CN%3Bbitrix.siteinfoportal%2C15.5.0%2CN%3Bsender%2C21.100.100%2CN%3Blanding%2C21.300.300%2CN%3Bforum%2C21.100.0%2CN%3Bsocialnetwork%2C21.350.0%2CN%3Bbitrix.eshop%2C21.0.100%2CN%3Bui%2C21.300.0%2CN%3Bwiki%2C21.100.0%2CN%3Bseo%2C21.300.0%2CN%3Bim%2C21.300.100%2CN%3Bbitrix.sitecommunity%2C15.5.0%2CN%3Bstatistic%2C21.0.0%2CN%3Bsale%2C21.400.0%2CN%3Bmessageservice%2C21.100.0%2CN%3Bwebservice%2C21.0.0%2CN%3Bform%2C21.0.0%2CN%3Biblock%2C21.400.100%2CN%3Brest%2C21.200.0%2CN%3Babtest%2C21.0.0%2CN%3Bworkflow%2C21.0.0%2CN%3Bbitrix.sitecorporate%2C15.5.0%2CN%3Btranslate%2C21.100.0%2CN%3Bhighloadblock%2C21.100.0%2CN%3Bbitrixcloud%2C21.0.0%2CN%3Bsearch%2C21.0.100%2CN%3Bb24connector%2C21.0.0%2CN%3Breport%2C21.100.0%2CN%3Blists%2C21.100.0%2CN%3Bblog%2C21.200.0%2CN%3Bbitrix.sitepersonal%2C15.5.0%2CN%3Bidea%2C21.0.0%2CN%3Bfileman%2C21.200.0%2CN%3Bclouds%2C21.100.0%2CN%3Bcalendar%2C21.200.0%2CN%3Bstoreassist%2C21.0.0%2CN%3Bmobileapp%2C21.0.50%2CN&reqm=nsandrey.emptyinstall&lim=Y&SUPD_SRS=RU&SUPD_CMP=N
2021-08-08 18:08:25 -  - exec CUpdateClientPartner::GetHTTPPage
2021-08-08 18:08:25 -  - TIME LoadModulesUpdates(request) 0.308 sec
2021-08-08 18:08:25 -  - exec CUpdateClientPartner::ParseServerData
2021-08-08 18:08:25 - S - STEP
2021-08-08 18:08:25 - LM4W01 - loadModule4Wizard-Step
2021-08-08 18:08:25 -  - exec CUpdateClientPartner::LoadModulesUpdates
2021-08-08 18:08:25 -  - exec CUpdateClientPartner::ParseServerData
2021-08-08 18:08:25 -  - loadFile
2021-08-08 18:08:26 - U - RETURN
2021-08-08 18:08:26 -  - exec CUpdateClientPartner::UnGzipArchive
2021-08-08 18:08:26 -  - TIME UnGzipArchive 0.004 sec
2021-08-08 18:08:26 -  - TIME UpdateStepModules 0.006 sec
2021-08-08 18:08:26 -  - exec CUpdateClientPartner::LoadModulesUpdates
2021-08-08 18:08:26 -  - exec CUpdateClientPartner::__CollectRequestData
2021-08-08 18:08:26 -  - utf=Y&lang=ru&stable=Y&CANGZIP=Y&SUPD_DBS=MYSQL&XE=N&CLIENT_SITE=192.168.1.58&LICENSE_KEY=X&SUPD_STS=1&SUPD_URS=0&SUPD_URSA=1&TYPENC=D&CLIENT_PHPVER=7.3.27&NGINX=Y&dbv=5.7.33&instm=main%2C21.400.100%2CY%3Bphotogallery%2C21.0.0%2CN%3Bvote%2C21.0.0%2CN%3Bbizprocdesigner%2C21.100.0%2CN%3Bconversion%2C21.0.0%2CN%3Bcurrency%2C21.100.0%2CN%3Blearning%2C21.0.0%2CN%3Bsocialservices%2C21.100.0%2CN%3Bperfmon%2C21.0.0%2CN%3Bscale%2C21.0.0%2CN%3Bsecurity%2C21.0.0%2CN%3Bbizproc%2C21.200.200%2CN%3Bsupport%2C21.0.0%2CN%3Bpull%2C21.200.0%2CN%3Badvertising%2C21.100.0%2CN%3Bsubscribe%2C21.0.0%2CN%3Bmail%2C21.100.100%2CN%3Bcatalog%2C21.200.0%2CN%3Bbitrix.siteinfoportal%2C15.5.0%2CN%3Bsender%2C21.100.100%2CN%3Blanding%2C21.300.300%2CN%3Bforum%2C21.100.0%2CN%3Bsocialnetwork%2C21.350.0%2CN%3Bbitrix.eshop%2C21.0.100%2CN%3Bui%2C21.300.0%2CN%3Bwiki%2C21.100.0%2CN%3Bseo%2C21.300.0%2CN%3Bim%2C21.300.100%2CN%3Bbitrix.sitecommunity%2C15.5.0%2CN%3Bstatistic%2C21.0.0%2CN%3Bsale%2C21.400.0%2CN%3Bmessageservice%2C21.100.0%2CN%3Bwebservice%2C21.0.0%2CN%3Bform%2C21.0.0%2CN%3Biblock%2C21.400.100%2CN%3Brest%2C21.200.0%2CN%3Babtest%2C21.0.0%2CN%3Bworkflow%2C21.0.0%2CN%3Bbitrix.sitecorporate%2C15.5.0%2CN%3Btranslate%2C21.100.0%2CN%3Bhighloadblock%2C21.100.0%2CN%3Bbitrixcloud%2C21.0.0%2CN%3Bsearch%2C21.0.100%2CN%3Bb24connector%2C21.0.0%2CN%3Breport%2C21.100.0%2CN%3Blists%2C21.100.0%2CN%3Bblog%2C21.200.0%2CN%3Bbitrix.sitepersonal%2C15.5.0%2CN%3Bidea%2C21.0.0%2CN%3Bfileman%2C21.200.0%2CN%3Bnsandrey.emptyinstall%2C1.0.5%2CN%3Bclouds%2C21.100.0%2CN%3Bcalendar%2C21.200.0%2CN%3Bstoreassist%2C21.0.0%2CN%3Bmobileapp%2C21.0.50%2CN&reqm=nsandrey.emptyinstall&lim=Y&SUPD_SRS=RU&SUPD_CMP=N
2021-08-08 18:08:26 -  - exec CUpdateClientPartner::GetHTTPPage
2021-08-08 18:08:26 -  - TIME LoadModulesUpdates(request) 0.494 sec
2021-08-08 18:08:26 -  - exec CUpdateClientPartner::ParseServerData
2021-08-08 18:08:26 - STEP - Finish - NOUPDATES
2021-08-08 18:08:26 - LM4W03 - Finish - NOUPDATES
2021-08-08 18:10:42 -  - exec CUpdateClientPartner::__CollectRequestData
2021-08-08 18:10:42 -  - exec CUpdateClientPartner::GetHTTPPage
2021-08-08 18:10:43 -  - exec CUpdateClientPartner::ParseServerData
2021-08-08 18:10:43 -  - exec CUpdateClientPartner::GetUpdatesList
2021-08-08 18:10:43 -  - exec CUpdateClientPartner::__CollectRequestData
2021-08-08 18:10:43 -  - utf=Y&lang=ru&stable=Y&CANGZIP=Y&SUPD_DBS=MYSQL&XE=N&CLIENT_SITE=192.168.1.58&LICENSE_KEY=X&SUPD_STS=1&SUPD_URS=0&SUPD_URSA=1&TYPENC=D&CLIENT_PHPVER=7.3.27&NGINX=Y&dbv=5.7.33&instm=main%2C21.400.100%2CY%3Bphotogallery%2C21.0.0%2CN%3Bvote%2C21.0.0%2CN%3Bbizprocdesigner%2C21.100.0%2CN%3Bconversion%2C21.0.0%2CN%3Bcurrency%2C21.100.0%2CN%3Blearning%2C21.0.0%2CN%3Bsocialservices%2C21.100.0%2CN%3Bperfmon%2C21.0.0%2CN%3Bscale%2C21.0.0%2CN%3Bsecurity%2C21.0.0%2CN%3Bbizproc%2C21.200.200%2CN%3Bsupport%2C21.0.0%2CN%3Bpull%2C21.200.0%2CN%3Badvertising%2C21.100.0%2CN%3Bsubscribe%2C21.0.0%2CN%3Bmail%2C21.100.100%2CN%3Bcatalog%2C21.200.0%2CN%3Bbitrix.siteinfoportal%2C15.5.0%2CN%3Bsender%2C21.100.100%2CN%3Blanding%2C21.300.300%2CN%3Bforum%2C21.100.0%2CN%3Bsocialnetwork%2C21.350.0%2CN%3Bbitrix.eshop%2C21.0.100%2CN%3Bui%2C21.300.0%2CN%3Bwiki%2C21.100.0%2CN%3Bseo%2C21.300.0%2CN%3Bim%2C21.300.100%2CN%3Bbitrix.sitecommunity%2C15.5.0%2CN%3Bstatistic%2C21.0.0%2CN%3Bsale%2C21.400.0%2CN%3Bmessageservice%2C21.100.0%2CN%3Bwebservice%2C21.0.0%2CN%3Bform%2C21.0.0%2CN%3Biblock%2C21.400.100%2CN%3Brest%2C21.200.0%2CN%3Babtest%2C21.0.0%2CN%3Bworkflow%2C21.0.0%2CN%3Bbitrix.sitecorporate%2C15.5.0%2CN%3Btranslate%2C21.100.0%2CN%3Bhighloadblock%2C21.100.0%2CN%3Bbitrixcloud%2C21.0.0%2CN%3Bsearch%2C21.0.100%2CN%3Bb24connector%2C21.0.0%2CN%3Breport%2C21.100.0%2CN%3Blists%2C21.100.0%2CN%3Bblog%2C21.200.0%2CN%3Bbitrix.sitepersonal%2C15.5.0%2CN%3Bidea%2C21.0.0%2CN%3Bfileman%2C21.200.0%2CN%3Bnsandrey.emptyinstall%2C1.0.5%2CN%3Bclouds%2C21.100.0%2CN%3Bcalendar%2C21.200.0%2CN%3Bstoreassist%2C21.0.0%2CN%3Bmobileapp%2C21.0.50%2CN&reqm=bitrix.siteinfoportal%2Cbitrix.eshop%2Cbitrix.sitecommunity%2Cbitrix.sitecorporate%2Cbitrix.sitepersonal%2Cnsandrey.emptyinstall&fullmoduleinfo=Y&SUPD_SRS=RU&SUPD_CMP=N
2021-08-08 18:10:43 -  - exec CUpdateClientPartner::GetHTTPPage
2021-08-08 18:10:43 -  - TIME GetUpdatesList(request) 0.309 sec
2021-08-08 18:10:43 -  - exec CUpdateClientPartner::ParseServerData
2021-08-08 18:10:43 -  - exec CUpdateClientPartner::__CollectRequestData
2021-08-08 18:10:43 -  - exec CUpdateClientPartner::GetHTTPPage
2021-08-08 18:10:43 -  - exec CUpdateClientPartner::ParseServerData
2021-08-09 20:48:05 -  - exec CUpdateClientPartner::__CollectRequestData
2021-08-09 20:48:05 -  - exec CUpdateClientPartner::GetHTTPPage
2021-08-09 20:48:06 -  - exec CUpdateClientPartner::ParseServerData
2021-08-09 20:48:06 -  - exec CUpdateClientPartner::GetUpdatesList
2021-08-09 20:48:06 -  - exec CUpdateClientPartner::__CollectRequestData
2021-08-09 20:48:06 -  - utf=Y&lang=ru&stable=Y&CANGZIP=Y&SUPD_DBS=MYSQL&XE=N&CLIENT_SITE=192.168.1.58&LICENSE_KEY=X&SUPD_STS=1&SUPD_URS=0&SUPD_URSA=1&TYPENC=D&CLIENT_PHPVER=7.3.27&NGINX=Y&dbv=5.7.33&instm=main%2C21.400.100%2CY%3Bphotogallery%2C21.0.0%2CN%3Bvote%2C21.0.0%2CN%3Bbizprocdesigner%2C21.100.0%2CN%3Bconversion%2C21.0.0%2CN%3Bcurrency%2C21.100.0%2CN%3Blearning%2C21.0.0%2CN%3Bsocialservices%2C21.100.0%2CN%3Bperfmon%2C21.0.0%2CN%3Bscale%2C21.0.0%2CN%3Bsecurity%2C21.0.0%2CN%3Bbizproc%2C21.200.200%2CN%3Bsupport%2C21.0.0%2CN%3Bpull%2C21.200.0%2CN%3Badvertising%2C21.100.0%2CN%3Bsubscribe%2C21.0.0%2CN%3Bmail%2C21.100.100%2CN%3Bcatalog%2C21.200.0%2CN%3Bbitrix.siteinfoportal%2C15.5.0%2CN%3Bsender%2C21.100.100%2CN%3Blanding%2C21.300.300%2CN%3Bforum%2C21.100.0%2CN%3Bsocialnetwork%2C21.350.0%2CN%3Bbitrix.eshop%2C21.0.100%2CN%3Bui%2C21.300.0%2CN%3Bwiki%2C21.100.0%2CN%3Bseo%2C21.300.0%2CN%3Bim%2C21.300.100%2CN%3Bbitrix.sitecommunity%2C15.5.0%2CN%3Bstatistic%2C21.0.0%2CN%3Bsale%2C21.400.0%2CN%3Bmessageservice%2C21.100.0%2CN%3Bwebservice%2C21.0.0%2CN%3Bform%2C21.0.0%2CN%3Biblock%2C21.400.100%2CN%3Brest%2C21.200.0%2CN%3Babtest%2C21.0.0%2CN%3Bworkflow%2C21.0.0%2CN%3Bbitrix.sitecorporate%2C15.5.0%2CN%3Btranslate%2C21.100.0%2CN%3Bhighloadblock%2C21.100.0%2CN%3Bbitrixcloud%2C21.0.0%2CN%3Bsearch%2C21.0.100%2CN%3Bb24connector%2C21.0.0%2CN%3Breport%2C21.100.0%2CN%3Blists%2C21.100.0%2CN%3Bblog%2C21.200.0%2CN%3Bbitrix.sitepersonal%2C15.5.0%2CN%3Bidea%2C21.0.0%2CN%3Bfileman%2C21.200.0%2CN%3Bnsandrey.emptyinstall%2C1.0.5%2CN%3Bclouds%2C21.100.0%2CN%3Bcalendar%2C21.200.0%2CN%3Bstoreassist%2C21.0.0%2CN%3Bmobileapp%2C21.0.50%2CN&reqm=bitrix.siteinfoportal%2Cbitrix.eshop%2Cbitrix.sitecommunity%2Cbitrix.sitecorporate%2Cbitrix.sitepersonal%2Cnsandrey.emptyinstall&fullmoduleinfo=Y&SUPD_SRS=RU&SUPD_CMP=N
2021-08-09 20:48:06 -  - exec CUpdateClientPartner::GetHTTPPage
2021-08-09 20:48:06 -  - TIME GetUpdatesList(request) 0.234 sec
2021-08-09 20:48:06 -  - exec CUpdateClientPartner::ParseServerData
2021-08-09 20:48:06 -  - exec CUpdateClientPartner::__CollectRequestData
2021-08-09 20:48:06 -  - exec CUpdateClientPartner::GetHTTPPage
2021-08-09 20:48:06 -  - exec CUpdateClientPartner::ParseServerData
2021-08-11 15:30:19 -  - exec CUpdateClientPartner::__CollectRequestData
2021-08-11 15:30:19 -  - exec CUpdateClientPartner::GetHTTPPage
2021-08-11 15:30:26 -  - exec CUpdateClientPartner::ParseServerData
2021-08-11 15:30:26 -  - exec CUpdateClientPartner::GetUpdatesList
2021-08-11 15:30:26 -  - exec CUpdateClientPartner::__CollectRequestData
2021-08-11 15:30:26 -  - utf=Y&lang=ru&stable=Y&CANGZIP=Y&SUPD_DBS=MYSQL&XE=N&CLIENT_SITE=192.168.1.58&LICENSE_KEY=X&SUPD_STS=1&SUPD_URS=0&SUPD_URSA=1&TYPENC=D&CLIENT_PHPVER=7.3.27&NGINX=Y&dbv=5.7.33&instm=main%2C21.400.100%2CY%3Bphotogallery%2C21.0.0%2CN%3Bvote%2C21.0.0%2CN%3Bbizprocdesigner%2C21.100.0%2CN%3Bconversion%2C21.0.0%2CN%3Bcurrency%2C21.100.0%2CN%3Blearning%2C21.0.0%2CN%3Bsocialservices%2C21.100.0%2CN%3Bperfmon%2C21.0.0%2CN%3Bscale%2C21.0.0%2CN%3Bsecurity%2C21.0.0%2CN%3Bbizproc%2C21.200.200%2CN%3Bsupport%2C21.0.0%2CN%3Bpull%2C21.200.0%2CN%3Badvertising%2C21.100.0%2CN%3Bsubscribe%2C21.0.0%2CN%3Bmail%2C21.100.100%2CN%3Bcatalog%2C21.200.0%2CN%3Bbitrix.siteinfoportal%2C15.5.0%2CN%3Bsender%2C21.100.100%2CN%3Blanding%2C21.300.300%2CN%3Bforum%2C21.100.0%2CN%3Bsocialnetwork%2C21.350.0%2CN%3Bbitrix.eshop%2C21.0.100%2CN%3Bui%2C21.300.0%2CN%3Bwiki%2C21.100.0%2CN%3Bseo%2C21.300.0%2CN%3Bim%2C21.300.100%2CN%3Bbitrix.sitecommunity%2C15.5.0%2CN%3Bstatistic%2C21.0.0%2CN%3Bsale%2C21.400.0%2CN%3Bmessageservice%2C21.100.0%2CN%3Bwebservice%2C21.0.0%2CN%3Bform%2C21.0.0%2CN%3Biblock%2C21.400.100%2CN%3Brest%2C21.200.0%2CN%3Babtest%2C21.0.0%2CN%3Bworkflow%2C21.0.0%2CN%3Bbitrix.sitecorporate%2C15.5.0%2CN%3Btranslate%2C21.100.0%2CN%3Bhighloadblock%2C21.100.0%2CN%3Bbitrixcloud%2C21.0.0%2CN%3Bsearch%2C21.0.100%2CN%3Bb24connector%2C21.0.0%2CN%3Breport%2C21.100.0%2CN%3Blists%2C21.100.0%2CN%3Bblog%2C21.200.0%2CN%3Bbitrix.sitepersonal%2C15.5.0%2CN%3Bidea%2C21.0.0%2CN%3Bfileman%2C21.200.0%2CN%3Bnsandrey.emptyinstall%2C1.0.5%2CN%3Bclouds%2C21.100.0%2CN%3Bcalendar%2C21.200.0%2CN%3Bstoreassist%2C21.0.0%2CN%3Bmobileapp%2C21.0.50%2CN&reqm=bitrix.siteinfoportal%2Cbitrix.eshop%2Cbitrix.sitecommunity%2Cbitrix.sitecorporate%2Cbitrix.sitepersonal%2Cnsandrey.emptyinstall&fullmoduleinfo=Y&SUPD_SRS=RU&SUPD_CMP=N
2021-08-11 15:30:26 -  - exec CUpdateClientPartner::GetHTTPPage
2021-08-11 15:30:26 -  - TIME GetUpdatesList(request) 0.339 sec
2021-08-11 15:30:26 -  - exec CUpdateClientPartner::ParseServerData
2021-08-11 15:30:26 -  - exec CUpdateClientPartner::__CollectRequestData
2021-08-11 15:30:26 -  - exec CUpdateClientPartner::GetHTTPPage
2021-08-11 15:30:31 -  - exec CUpdateClientPartner::ParseServerData
2021-08-15 12:51:09 -  - exec CUpdateClientPartner::__CollectRequestData
2021-08-15 12:51:09 -  - exec CUpdateClientPartner::GetHTTPPage
2021-08-15 12:51:15 -  - exec CUpdateClientPartner::ParseServerData
2021-08-15 12:51:15 -  - exec CUpdateClientPartner::GetUpdatesList
2021-08-15 12:51:15 -  - exec CUpdateClientPartner::__CollectRequestData
2021-08-15 12:51:15 -  - utf=Y&lang=ru&stable=Y&CANGZIP=Y&SUPD_DBS=MYSQL&XE=N&CLIENT_SITE=192.168.1.58&LICENSE_KEY=X&SUPD_STS=1&SUPD_URS=0&SUPD_URSA=1&TYPENC=D&CLIENT_PHPVER=7.3.27&NGINX=Y&dbv=5.7.33&instm=main%2C21.400.100%2CY%3Bphotogallery%2C21.0.0%2CN%3Bvote%2C21.0.0%2CN%3Bbizprocdesigner%2C21.100.0%2CN%3Bconversion%2C21.0.0%2CN%3Bcurrency%2C21.100.0%2CN%3Blearning%2C21.0.0%2CN%3Bsocialservices%2C21.100.0%2CN%3Bperfmon%2C21.0.0%2CN%3Bscale%2C21.0.0%2CN%3Bsecurity%2C21.0.0%2CN%3Bbizproc%2C21.200.200%2CN%3Bsupport%2C21.0.0%2CN%3Bpull%2C21.200.0%2CN%3Badvertising%2C21.100.0%2CN%3Bsubscribe%2C21.0.0%2CN%3Bmail%2C21.100.100%2CN%3Bcatalog%2C21.200.0%2CN%3Bbitrix.siteinfoportal%2C15.5.0%2CN%3Bsender%2C21.100.100%2CN%3Blanding%2C21.300.300%2CN%3Bforum%2C21.100.0%2CN%3Bsocialnetwork%2C21.350.0%2CN%3Bbitrix.eshop%2C21.0.100%2CN%3Bui%2C21.300.0%2CN%3Bwiki%2C21.100.0%2CN%3Bseo%2C21.300.0%2CN%3Bim%2C21.300.100%2CN%3Bbitrix.sitecommunity%2C15.5.0%2CN%3Bstatistic%2C21.0.0%2CN%3Bsale%2C21.400.0%2CN%3Bmessageservice%2C21.100.0%2CN%3Bwebservice%2C21.0.0%2CN%3Bform%2C21.0.0%2CN%3Biblock%2C21.400.100%2CN%3Brest%2C21.200.0%2CN%3Babtest%2C21.0.0%2CN%3Bworkflow%2C21.0.0%2CN%3Bbitrix.sitecorporate%2C15.5.0%2CN%3Btranslate%2C21.100.0%2CN%3Bhighloadblock%2C21.100.0%2CN%3Bbitrixcloud%2C21.0.0%2CN%3Bsearch%2C21.0.100%2CN%3Bb24connector%2C21.0.0%2CN%3Breport%2C21.100.0%2CN%3Blists%2C21.100.0%2CN%3Bblog%2C21.200.0%2CN%3Bbitrix.sitepersonal%2C15.5.0%2CN%3Bidea%2C21.0.0%2CN%3Bfileman%2C21.200.0%2CN%3Bnsandrey.emptyinstall%2C1.0.5%2CN%3Bclouds%2C21.100.0%2CN%3Bcalendar%2C21.200.0%2CN%3Bstoreassist%2C21.0.0%2CN%3Bmobileapp%2C21.0.50%2CN&reqm=bitrix.siteinfoportal%2Cbitrix.eshop%2Cbitrix.sitecommunity%2Cbitrix.sitecorporate%2Cbitrix.sitepersonal%2Cnsandrey.emptyinstall&fullmoduleinfo=Y&SUPD_SRS=RU&SUPD_CMP=N
2021-08-15 12:51:15 -  - exec CUpdateClientPartner::GetHTTPPage
2021-08-15 12:51:15 -  - TIME GetUpdatesList(request) 0.299 sec
2021-08-15 12:51:15 -  - exec CUpdateClientPartner::ParseServerData
2021-08-15 12:51:15 -  - exec CUpdateClientPartner::__CollectRequestData
2021-08-15 12:51:15 -  - exec CUpdateClientPartner::GetHTTPPage
2021-08-15 12:51:15 -  - exec CUpdateClientPartner::ParseServerData
2021-08-16 12:59:23 -  - exec CUpdateClientPartner::__CollectRequestData
2021-08-16 12:59:23 -  - exec CUpdateClientPartner::GetHTTPPage
2021-08-16 12:59:29 -  - exec CUpdateClientPartner::ParseServerData
2021-08-16 12:59:29 -  - exec CUpdateClientPartner::GetUpdatesList
2021-08-16 12:59:29 -  - exec CUpdateClientPartner::__CollectRequestData
2021-08-16 12:59:29 -  - utf=Y&lang=ru&stable=Y&CANGZIP=Y&SUPD_DBS=MYSQL&XE=N&CLIENT_SITE=192.168.1.58&LICENSE_KEY=X&SUPD_STS=1&SUPD_URS=0&SUPD_URSA=1&TYPENC=D&CLIENT_PHPVER=7.3.27&NGINX=Y&dbv=5.7.33&instm=main%2C21.400.100%2CY%3Bphotogallery%2C21.0.0%2CN%3Bvote%2C21.0.0%2CN%3Bbizprocdesigner%2C21.100.0%2CN%3Bconversion%2C21.0.0%2CN%3Bcurrency%2C21.100.0%2CN%3Blearning%2C21.0.0%2CN%3Bsocialservices%2C21.100.0%2CN%3Bperfmon%2C21.0.0%2CN%3Bscale%2C21.0.0%2CN%3Bsecurity%2C21.0.0%2CN%3Bbizproc%2C21.200.200%2CN%3Bsupport%2C21.0.0%2CN%3Bpull%2C21.200.0%2CN%3Badvertising%2C21.100.0%2CN%3Bsubscribe%2C21.0.0%2CN%3Bmail%2C21.100.100%2CN%3Bcatalog%2C21.200.0%2CN%3Bbitrix.siteinfoportal%2C15.5.0%2CN%3Bsender%2C21.100.100%2CN%3Blanding%2C21.300.300%2CN%3Bforum%2C21.100.0%2CN%3Bsocialnetwork%2C21.350.0%2CN%3Bbitrix.eshop%2C21.0.100%2CN%3Bui%2C21.300.0%2CN%3Bwiki%2C21.100.0%2CN%3Bseo%2C21.300.0%2CN%3Bim%2C21.300.100%2CN%3Bbitrix.sitecommunity%2C15.5.0%2CN%3Bstatistic%2C21.0.0%2CN%3Bsale%2C21.400.0%2CN%3Bmessageservice%2C21.100.0%2CN%3Bwebservice%2C21.0.0%2CN%3Bform%2C21.0.0%2CN%3Biblock%2C21.400.100%2CN%3Brest%2C21.200.0%2CN%3Babtest%2C21.0.0%2CN%3Bworkflow%2C21.0.0%2CN%3Bbitrix.sitecorporate%2C15.5.0%2CN%3Btranslate%2C21.100.0%2CN%3Bhighloadblock%2C21.100.0%2CN%3Bbitrixcloud%2C21.0.0%2CN%3Bsearch%2C21.0.100%2CN%3Bb24connector%2C21.0.0%2CN%3Breport%2C21.100.0%2CN%3Blists%2C21.100.0%2CN%3Bblog%2C21.200.0%2CN%3Bbitrix.sitepersonal%2C15.5.0%2CN%3Bidea%2C21.0.0%2CN%3Bfileman%2C21.200.0%2CN%3Bnsandrey.emptyinstall%2C1.0.5%2CN%3Bclouds%2C21.100.0%2CN%3Bcalendar%2C21.200.0%2CN%3Bstoreassist%2C21.0.0%2CN%3Bmobileapp%2C21.0.50%2CN&reqm=bitrix.siteinfoportal%2Cbitrix.eshop%2Cbitrix.sitecommunity%2Cbitrix.sitecorporate%2Cbitrix.sitepersonal%2Cnsandrey.emptyinstall&fullmoduleinfo=Y&SUPD_SRS=RU&SUPD_CMP=N
2021-08-16 12:59:29 -  - exec CUpdateClientPartner::GetHTTPPage
2021-08-16 12:59:29 -  - TIME GetUpdatesList(request) 0.312 sec
2021-08-16 12:59:29 -  - exec CUpdateClientPartner::ParseServerData
2021-08-16 12:59:29 -  - exec CUpdateClientPartner::__CollectRequestData
2021-08-16 12:59:29 -  - exec CUpdateClientPartner::GetHTTPPage
2021-08-16 12:59:30 -  - exec CUpdateClientPartner::ParseServerData
2021-08-23 02:38:09 -  - exec CUpdateClientPartner::__CollectRequestData
2021-08-23 02:38:09 -  - exec CUpdateClientPartner::GetHTTPPage
2021-08-23 02:38:34 - ERRCONN - Error connecting 2 www.bitrixsoft.com: [0] php_network_getaddresses: getaddrinfo failed: Name or service not known
2021-08-23 02:38:34 -  - exec CUpdateClientPartner::GetUpdatesList
2021-08-23 02:38:34 -  - exec CUpdateClientPartner::__CollectRequestData
2021-08-23 02:38:34 -  - utf=Y&lang=ru&stable=Y&CANGZIP=Y&SUPD_DBS=MYSQL&XE=N&CLIENT_SITE=192.168.1.59&LICENSE_KEY=X&SUPD_STS=1&SUPD_URS=0&SUPD_URSA=1&TYPENC=D&CLIENT_PHPVER=7.3.29&NGINX=Y&dbv=5.7.35&instm=main%2C21.400.100%2CY%3Bphotogallery%2C21.0.0%2CN%3Bvote%2C21.0.0%2CN%3Bbizprocdesigner%2C21.100.0%2CN%3Bconversion%2C21.0.0%2CN%3Bcurrency%2C21.100.0%2CN%3Blearning%2C21.0.0%2CN%3Bsocialservices%2C21.100.0%2CN%3Bperfmon%2C21.0.0%2CN%3Bscale%2C21.0.0%2CN%3Bsecurity%2C21.0.0%2CN%3Bbizproc%2C21.200.200%2CN%3Bsupport%2C21.0.0%2CN%3Bpull%2C21.200.0%2CN%3Badvertising%2C21.100.0%2CN%3Bsubscribe%2C21.0.0%2CN%3Bmail%2C21.100.100%2CN%3Bcatalog%2C21.200.0%2CN%3Bbitrix.siteinfoportal%2C15.5.0%2CN%3Bsender%2C21.100.100%2CN%3Blanding%2C21.300.300%2CN%3Bforum%2C21.100.0%2CN%3Bsocialnetwork%2C21.350.0%2CN%3Bbitrix.eshop%2C21.0.100%2CN%3Bui%2C21.300.0%2CN%3Bwiki%2C21.100.0%2CN%3Bseo%2C21.300.0%2CN%3Bim%2C21.300.100%2CN%3Bbitrix.sitecommunity%2C15.5.0%2CN%3Bstatistic%2C21.0.0%2CN%3Bsale%2C21.400.0%2CN%3Bmessageservice%2C21.100.0%2CN%3Bwebservice%2C21.0.0%2CN%3Bform%2C21.0.0%2CN%3Biblock%2C21.400.100%2CN%3Brest%2C21.200.0%2CN%3Babtest%2C21.0.0%2CN%3Bworkflow%2C21.0.0%2CN%3Bbitrix.sitecorporate%2C15.5.0%2CN%3Btranslate%2C21.100.0%2CN%3Bhighloadblock%2C21.100.0%2CN%3Bbitrixcloud%2C21.0.0%2CN%3Bsearch%2C21.0.100%2CN%3Bb24connector%2C21.0.0%2CN%3Breport%2C21.100.0%2CN%3Blists%2C21.100.0%2CN%3Bblog%2C21.200.0%2CN%3Bbitrix.sitepersonal%2C15.5.0%2CN%3Bidea%2C21.0.0%2CN%3Bfileman%2C21.200.0%2CN%3Bnsandrey.emptyinstall%2C1.0.5%2CN%3Bclouds%2C21.100.0%2CN%3Bcalendar%2C21.200.0%2CN%3Bstoreassist%2C21.0.0%2CN%3Bmobileapp%2C21.0.50%2CN&reqm=bitrix.siteinfoportal%2Cbitrix.eshop%2Cbitrix.sitecommunity%2Cbitrix.sitecorporate%2Cbitrix.sitepersonal%2Cnsandrey.emptyinstall&fullmoduleinfo=Y&SUPD_SRS=RU&SUPD_CMP=N
2021-08-23 02:38:34 -  - exec CUpdateClientPartner::GetHTTPPage
2021-08-23 02:38:58 - ERRCONN - Error connecting 2 www.bitrixsoft.com: [0] php_network_getaddresses: getaddrinfo failed: Name or service not known
2021-08-23 02:38:58 -  - TIME GetUpdatesList(request) 24.147 sec
2021-08-23 02:38:58 - GUL02 - Ошибка соединения с сервером обновлений: [0] php_network_getaddresses: getaddrinfo failed: Name or service not known. Нет соединения с сервером обновлений. 
2021-08-23 02:38:58 -  - exec CUpdateClientPartner::__CollectRequestData
2021-08-23 02:38:58 -  - exec CUpdateClientPartner::GetHTTPPage
2021-08-23 02:39:22 - ERRCONN - Error connecting 2 www.bitrixsoft.com: [0] php_network_getaddresses: getaddrinfo failed: Name or service not known
