2021-Aug-16 18:59:03 Наличие необходимых модулей php (check_php_modules): Ok
Все необходимые модули установлены
2021-Aug-16 18:59:03 Обязательные параметры PHP (check_php_settings): Ok
Настройки правильные
2021-Aug-16 18:59:04 Модули веб-сервера (check_security): Ok
Конфликтов не выявлено
2021-Aug-16 18:59:04 Значения переменных сервера (check_server_vars): Ok
Корректные
2021-Aug-16 18:59:04 Сохранение сессии (check_session): Ok
50% done
2021-Aug-16 18:59:04 Сохранение сессии (check_session): Ok
Успешно
2021-Aug-16 18:59:04 Параметры настройки UTF (mbstring и константа BX_UTF) (check_mbstring): Ok
Правильные. Сайт работает в UTF кодировке
2021-Aug-16 18:59:04 Служебные скрипты в корне сайта (check_install_scripts): Ok
Отсутствуют
2021-Aug-16 18:59:04 Работа с сокетами (check_socket): Ok
Connection to 192.168.1.58:80	Success

Успешно
2021-Aug-16 18:59:04 Выполнение агентов на cron (check_bx_crontab): Fail
Ошибка! Не настроен запуск cron_events.php на cron, последний агент отработал больше суток назад.
2021-Aug-16 18:59:04 Параметры подключения к базе данных (check_dbconn_settings): Ok
Успешно
2021-Aug-16 18:59:04 Лишний вывод в файлах конфигурации (check_dbconn): Ok
Connection to 192.168.1.58:80	Success

Успешно
2021-Aug-16 18:59:04 Сохранение сессии без UserAgent (check_session_ua): Ok
50% done
Connection to 192.168.1.58:80	Success

2021-Aug-16 18:59:04 Сохранение сессии без UserAgent (check_session_ua): Ok
Connection to 192.168.1.58:80	Success

Успешно
2021-Aug-16 18:59:04 Настройки сайтов (check_sites): Ok
Правильные
2021-Aug-16 18:59:04 Передача объектов по ссылке (check_clone): Ok
Успешно
2021-Aug-16 18:59:04 Размер стека и pcre.recursion_limit (check_pcre_recursion): Ok
Connection to 192.168.1.58:80	Success

Успешно
2021-Aug-16 18:59:05 Загрузка файла (check_upload): Ok
Connection to 192.168.1.58:80	Success

Успешно
2021-Aug-16 18:59:05 Загрузка файла больше 4Мб (check_upload_big): Ok
Connection to 192.168.1.58:80	Success

Успешно
2021-Aug-16 18:59:05 Загрузка файла через php://input (check_upload_raw): Ok
Connection to 192.168.1.58:80	Success

Успешно
2021-Aug-16 18:59:05 Передача POST запроса с большим числом параметров (check_post): Ok
Connection to 192.168.1.58:80	Success

Успешно
2021-Aug-16 18:59:07 Отправка почты (check_mail): Fail
Ошибка! Не работает
2021-Aug-16 18:59:07 Отправка почтового сообщения больше 64Кб (check_mail_big): Fail
Ошибка! Не работает
2021-Aug-16 18:59:07 Проверка на наличие неотправленных сообщений (check_mail_b_event): Fail
Ошибка! Есть ошибки при отправке системных почтовых сообщений, число неотправленных сообщений: 1 Определена константа BX_CRONTAB_SUPPORT в /bitrix/php_interface/dbconn.php, при этом должен быть настроен вызов агентов на cron.
2021-Aug-16 18:59:07 Внутреннее перенаправление (функция LocalRedirect) (check_localredirect): Ok
50% done
Connection to 192.168.1.58:80	Success

2021-Aug-16 18:59:07 Внутреннее перенаправление (функция LocalRedirect) (check_localredirect): Ok
Connection to 192.168.1.58:80	Success

Успешно
2021-Aug-16 18:59:07 Фактическое ограничение памяти (check_memory_limit): Ok
20% done
Connection to 192.168.1.58:80	Success

2021-Aug-16 18:59:08 Фактическое ограничение памяти (check_memory_limit): Ok
40% done
Connection to 192.168.1.58:80	Success

2021-Aug-16 18:59:08 Фактическое ограничение памяти (check_memory_limit): Ok
60% done
Connection to 192.168.1.58:80	Success

2021-Aug-16 18:59:09 Фактическое ограничение памяти (check_memory_limit): Ok
80% done
Connection to 192.168.1.58:80	Success

2021-Aug-16 18:59:12 Фактическое ограничение памяти (check_memory_limit): Ok
Connection to 192.168.1.58:80	Success

Не менее 256 М
2021-Aug-16 18:59:26 Работа с файлами кеша (check_cache): Ok
Успешно
2021-Aug-16 18:59:41 Доступ к серверу обновлений (check_update): Ok
Успешно
2021-Aug-16 18:59:41 HTTP авторизация (check_http_auth): Ok
Connection to 192.168.1.58:80	Success

Успешно
2021-Aug-16 18:59:42 Создание и запуск файла (check_exec): Ok
Connection to 192.168.1.58:80	Success

Успешно
2021-Aug-16 18:59:43 Функция getimagesize для swf (check_getimagesize): Ok
Успешно
2021-Aug-16 18:59:43 Версия MySQL-сервера (check_mysql_bug_version): Ok
Успешно
2021-Aug-16 18:59:44 Время на БД и веб-сервере (check_mysql_time): Ok
Успешно
2021-Aug-16 18:59:44 Режим работы MySQL (check_mysql_mode): Ok
Успешно
2021-Aug-16 18:59:44 Кодировка соединения (check_mysql_connection_charset): Ok
character_set_connection=utf8, collation_connection=utf8_unicode_ci, character_set_results=utf8
Успешно
2021-Aug-16 18:59:44 Кодировка базы данных (check_mysql_db_charset): Ok
CHARSET=utf8, COLLATION=utf8_unicode_ci
Успешно
2021-Aug-16 18:59:54 Кодировки таблиц в БД (check_mysql_table_charset): Ok
10% done
2021-Aug-16 19:00:04 Кодировки таблиц в БД (check_mysql_table_charset): Ok
20% done
2021-Aug-16 19:00:15 Кодировки таблиц в БД (check_mysql_table_charset): Ok
31% done
2021-Aug-16 19:00:25 Кодировки таблиц в БД (check_mysql_table_charset): Ok
39% done
2021-Aug-16 19:00:37 Кодировки таблиц в БД (check_mysql_table_charset): Ok
47% done
2021-Aug-16 19:00:47 Кодировки таблиц в БД (check_mysql_table_charset): Ok
55% done
2021-Aug-16 19:00:57 Кодировки таблиц в БД (check_mysql_table_charset): Ok
61% done
2021-Aug-16 19:01:07 Кодировки таблиц в БД (check_mysql_table_charset): Ok
66% done
2021-Aug-16 19:01:19 Кодировки таблиц в БД (check_mysql_table_charset): Ok
71% done
2021-Aug-16 19:01:29 Кодировки таблиц в БД (check_mysql_table_charset): Ok
76% done
2021-Aug-16 19:01:39 Кодировки таблиц в БД (check_mysql_table_charset): Ok
81% done
2021-Aug-16 19:01:54 Кодировки таблиц в БД (check_mysql_table_charset): Ok
86% done
2021-Aug-16 19:02:19 Кодировки таблиц в БД (check_mysql_table_charset): Ok
99% done
2021-Aug-16 19:02:20 Кодировки таблиц в БД (check_mysql_table_charset): Ok
Успешно
2021-Aug-16 19:02:20 Структура базы данных (check_mysql_table_structure): Ok
0% done
2021-Aug-16 19:02:21 Структура базы данных (check_mysql_table_structure): Ok
2% done
2021-Aug-16 19:02:22 Структура базы данных (check_mysql_table_structure): Ok
4% done
2021-Aug-16 19:02:26 Структура базы данных (check_mysql_table_structure): Ok
6% done
2021-Aug-16 19:02:26 Структура базы данных (check_mysql_table_structure): Ok
8% done
2021-Aug-16 19:02:27 Структура базы данных (check_mysql_table_structure): Ok
10% done
2021-Aug-16 19:02:28 Структура базы данных (check_mysql_table_structure): Ok
12% done
2021-Aug-16 19:02:29 Структура базы данных (check_mysql_table_structure): Ok
14% done
2021-Aug-16 19:02:29 Структура базы данных (check_mysql_table_structure): Ok
16% done
2021-Aug-16 19:02:30 Структура базы данных (check_mysql_table_structure): Ok
18% done
2021-Aug-16 19:02:30 Структура базы данных (check_mysql_table_structure): Ok
20% done
2021-Aug-16 19:02:31 Структура базы данных (check_mysql_table_structure): Ok
22% done
2021-Aug-16 19:02:31 Структура базы данных (check_mysql_table_structure): Ok
24% done
2021-Aug-16 19:02:32 Структура базы данных (check_mysql_table_structure): Ok
26% done
2021-Aug-16 19:02:32 Структура базы данных (check_mysql_table_structure): Ok
28% done
2021-Aug-16 19:02:33 Структура базы данных (check_mysql_table_structure): Ok
30% done
2021-Aug-16 19:02:34 Структура базы данных (check_mysql_table_structure): Ok
32% done
2021-Aug-16 19:02:35 Структура базы данных (check_mysql_table_structure): Ok
34% done
2021-Aug-16 19:02:36 Структура базы данных (check_mysql_table_structure): Ok
36% done
2021-Aug-16 19:02:39 Структура базы данных (check_mysql_table_structure): Ok
38% done
2021-Aug-16 19:02:40 Структура базы данных (check_mysql_table_structure): Ok
40% done
2021-Aug-16 19:02:41 Структура базы данных (check_mysql_table_structure): Ok
42% done
Отсутствует таблица b_sonet_group_subject
Отсутствует таблица b_sonet_group_subject_site
Отсутствует таблица b_sonet_group
Отсутствует таблица b_sonet_group_tag
Отсутствует таблица b_sonet_group_site
Отсутствует таблица b_sonet_user2group
Отсутствует таблица b_sonet_features
Отсутствует таблица b_sonet_features2perms
Отсутствует таблица b_sonet_user_relations
Отсутствует таблица b_sonet_messages
Отсутствует таблица b_sonet_smile
Отсутствует таблица b_sonet_smile_lang
Отсутствует таблица b_sonet_user_perms
Отсутствует таблица b_sonet_user_events
Отсутствует таблица b_sonet_log
Отсутствует таблица b_sonet_log_site
Отсутствует таблица b_sonet_log_comment
Отсутствует таблица b_sonet_log_events
Отсутствует таблица b_sonet_event_user_view
Отсутствует таблица b_sonet_log_right
Отсутствует таблица b_sonet_log_counter
Отсутствует таблица b_sonet_log_page
Отсутствует таблица b_sonet_log_follow
Отсутствует таблица b_sonet_log_subscribe
Отсутствует таблица b_sonet_log_smartfilter
Отсутствует таблица b_sonet_log_favorites
Отсутствует таблица b_sonet_log_view
Отсутствует таблица b_sonet_subscription
Отсутствует таблица b_sonet_group_view
Отсутствует таблица b_sonet_group_favorites
Отсутствует таблица b_sonet_log_index
Отсутствует таблица b_sonet_user_content_view
Отсутствует таблица b_sonet_log_tag
Отсутствует таблица b_sonet_user_tag
Отсутствует таблица b_sonet_user_welltory
Отсутствует таблица b_sonet_user_welltory_disclaimer
Отсутствует таблица b_sonet_log_pinned

2021-Aug-16 19:02:42 Структура базы данных (check_mysql_table_structure): Ok
44% done
2021-Aug-16 19:02:42 Структура базы данных (check_mysql_table_structure): Ok
46% done
2021-Aug-16 19:02:55 Структура базы данных (check_mysql_table_structure): Ok
48% done
2021-Aug-16 19:02:57 Структура базы данных (check_mysql_table_structure): Ok
51% done
2021-Aug-16 19:03:00 Структура базы данных (check_mysql_table_structure): Ok
53% done
2021-Aug-16 19:03:03 Структура базы данных (check_mysql_table_structure): Ok
55% done
2021-Aug-16 19:03:04 Структура базы данных (check_mysql_table_structure): Ok
57% done
2021-Aug-16 19:03:04 Структура базы данных (check_mysql_table_structure): Ok
59% done
2021-Aug-16 19:03:05 Структура базы данных (check_mysql_table_structure): Ok
61% done
2021-Aug-16 19:03:06 Структура базы данных (check_mysql_table_structure): Ok
63% done
2021-Aug-16 19:03:07 Структура базы данных (check_mysql_table_structure): Ok
65% done
2021-Aug-16 19:03:08 Структура базы данных (check_mysql_table_structure): Ok
67% done
2021-Aug-16 19:03:08 Структура базы данных (check_mysql_table_structure): Ok
69% done
2021-Aug-16 19:03:09 Структура базы данных (check_mysql_table_structure): Ok
71% done
2021-Aug-16 19:03:10 Структура базы данных (check_mysql_table_structure): Ok
73% done
2021-Aug-16 19:03:11 Структура базы данных (check_mysql_table_structure): Ok
75% done
2021-Aug-16 19:03:11 Структура базы данных (check_mysql_table_structure): Ok
77% done
2021-Aug-16 19:03:12 Структура базы данных (check_mysql_table_structure): Ok
79% done
2021-Aug-16 19:03:12 Структура базы данных (check_mysql_table_structure): Ok
81% done
2021-Aug-16 19:03:13 Структура базы данных (check_mysql_table_structure): Ok
83% done
2021-Aug-16 19:03:13 Структура базы данных (check_mysql_table_structure): Ok
85% done
2021-Aug-16 19:03:14 Структура базы данных (check_mysql_table_structure): Ok
87% done
